<?xml version="1.0" encoding="UTF-8"?>
<!-- Generated by org.testng.reporters.JUnitXMLReporter -->
<testsuite ignored="0" hostname="USHYDSUDPATRO9" failures="0" tests="5" name="Test" time="4.334" errors="0" timestamp="09 Feb 2021 18:33:34 GMT">
  <testcase classname="MyRequests.GetData" name="getResponseBody" time="2.845"/>
  <testcase classname="MyRequests.GetData" name="getResponseCode" time="0.127"/>
  <testcase classname="MyRequests.PutData" name="puttestData" time="0.561"/>
  <testcase classname="MyRequests.PostData" name="posttestData" time="0.391"/>
  <testcase classname="MyRequests.DeleteData" name="deleteTestData" time="0.355"/>
</testsuite> <!-- Test -->
