<?xml version="1.0" encoding="UTF-8"?>
<testng-results ignored="0" total="5" passed="5" failed="0" skipped="0">
  <reporter-output>
  </reporter-output>
  <suite started-at="2021-02-09T18:33:30Z" name="Suite" finished-at="2021-02-09T18:33:34Z" duration-ms="4334">
    <groups>
    </groups>
    <test started-at="2021-02-09T18:33:30Z" name="Test" finished-at="2021-02-09T18:33:34Z" duration-ms="4334">
      <class name="MyRequests.GetData">
        <test-method signature="getResponseBody()[pri:0, instance:MyRequests.GetData@9d5509a]" started-at="2021-02-10T00:03:30Z" name="getResponseBody" finished-at="2021-02-10T00:03:33Z" duration-ms="2845" status="PASS">
          <reporter-output>
          </reporter-output>
        </test-method> <!-- getResponseBody -->
        <test-method signature="getResponseCode()[pri:0, instance:MyRequests.GetData@9d5509a]" started-at="2021-02-10T00:03:33Z" name="getResponseCode" finished-at="2021-02-10T00:03:33Z" duration-ms="127" status="PASS">
          <reporter-output>
          </reporter-output>
        </test-method> <!-- getResponseCode -->
      </class> <!-- MyRequests.GetData -->
      <class name="MyRequests.PostData">
        <test-method signature="posttestData()[pri:0, instance:MyRequests.PostData@7eac9008]" started-at="2021-02-10T00:03:33Z" name="posttestData" finished-at="2021-02-10T00:03:34Z" duration-ms="391" status="PASS">
          <reporter-output>
          </reporter-output>
        </test-method> <!-- posttestData -->
      </class> <!-- MyRequests.PostData -->
      <class name="MyRequests.DeleteData">
        <test-method signature="deleteTestData()[pri:0, instance:MyRequests.DeleteData@4116aac9]" started-at="2021-02-10T00:03:34Z" name="deleteTestData" finished-at="2021-02-10T00:03:34Z" duration-ms="355" status="PASS">
          <reporter-output>
          </reporter-output>
        </test-method> <!-- deleteTestData -->
      </class> <!-- MyRequests.DeleteData -->
      <class name="MyRequests.PutData">
        <test-method signature="puttestData()[pri:0, instance:MyRequests.PutData@1fa121e2]" started-at="2021-02-10T00:03:33Z" name="puttestData" finished-at="2021-02-10T00:03:33Z" duration-ms="561" status="PASS">
          <reporter-output>
          </reporter-output>
        </test-method> <!-- puttestData -->
      </class> <!-- MyRequests.PutData -->
    </test> <!-- Test -->
  </suite> <!-- Suite -->
</testng-results>
